<?xml version="1.0" encoding="UTF-8"?>
<!-- Generated by org.testng.reporters.JUnitReportReporter -->
<testsuite hostname="LAPTOP-1UI649LK" failures="0" tests="1" name="com.testingfiles.Postman1" time="2.547" errors="0" timestamp="26 Feb 2025 10:46:39 GMT" skipped="0">
  <testcase classname="com.testingfiles.Postman1" name="tc1" time="2.547"/>
</testsuite> <!-- com.testingfiles.Postman1 -->
