<?xml version="1.0" encoding="UTF-8"?>
<!-- Generated by org.testng.reporters.JUnitReportReporter -->
<testsuite hostname="LAPTOP-1UI649LK" failures="0" tests="1" name="com.testingfiles.Postman6" time="1.651" errors="0" timestamp="26 Feb 2025 10:46:39 GMT" skipped="0">
  <testcase classname="com.testingfiles.Postman6" name="tc6" time="1.651"/>
</testsuite> <!-- com.testingfiles.Postman6 -->
