<?xml version="1.0" encoding="UTF-8"?>
<!-- Generated by org.testng.reporters.JUnitReportReporter -->
<testsuite hostname="LAPTOP-1UI649LK" failures="0" tests="1" name="com.testingfiles.Postman2" time="0.778" errors="0" timestamp="26 Feb 2025 10:46:39 GMT" skipped="0">
  <testcase classname="com.testingfiles.Postman2" name="tc2" time="0.778"/>
</testsuite> <!-- com.testingfiles.Postman2 -->
