<?xml version="1.0" encoding="UTF-8"?>
<!-- Generated by org.testng.reporters.JUnitReportReporter -->
<testsuite hostname="LAPTOP-1UI649LK" failures="0" tests="1" name="com.testingfiles.Postman" time="0.534" errors="0" timestamp="26 Feb 2025 09:32:28 GMT" skipped="0">
  <testcase classname="com.testingfiles.Postman" name="tc0" time="0.534"/>
</testsuite> <!-- com.testingfiles.Postman -->
